<?xml version="1.0" encoding="UTF-8"?>
<testsuite xmlns:xsi="http://www.w3.org/2001/XMLSchema-instance" xsi:noNamespaceSchemaLocation="https://maven.apache.org/surefire/maven-surefire-plugin/xsd/surefire-test-report.xsd" version="3.0.1" name="TestSuite" time="10.92" tests="3" errors="0" skipped="0" failures="0">
  <properties>
[...]
</properties>
  <testcase name="runScenario[&quot;Varify Create Playlist is working&quot;, &quot;validating Playlist API&quot;](1)" classname="playlistRunner.ProjectRunner" time="5.988">
    <system-out><![CDATA[
Scenario: Varify Create Playlist is working   &amp#27;[90m# src/test/resources/featureFile/Playlist.feature:3&amp#27;[0m
BQDePuhvUB9m_R0zBSgaRPnqs82v6r4fotnOZ99uMejLrIrGIUoH5WjPZs5D8bDEYpeG-qXXX1uPZTz-vro9LzS-9vtPBlm7f17EMnQyNkHyS-NU7rsUP6kYBQ49NU__tDTgVSzWUvD10U3tvKHD6HijKi786drXrVp08bMnXn-ExLCiqGX1lrDYhQ8MUqPG4EQs9giARwmB2XloWOBmAYUKL4PLVwvEMMHR3SZ9i4PLzF6WyoWq_IRQ8slZj6cTxL-xrMswJOjtBWcK
  &amp#27;[32mGiven &amp#27;[0m&amp#27;[32mCreate Playlist API Payload&amp#27;[0m           &amp#27;[90m# playlistSteps.PlaylistSteps.create_playlist_api_payload()&amp#27;[0m
Request method:	POST
Request URI:	https://api.spotify.com/v1/users/31eab6x7aks22h4yukp3ebbs3fnq/playlists
Proxy:			<none>
Request params:	<none>
Query params:	<none>
Form params:	<none>
Path params:	<none>
Headers:		Authorization=Bearer BQDePuhvUB9m_R0zBSgaRPnqs82v6r4fotnOZ99uMejLrIrGIUoH5WjPZs5D8bDEYpeG-qXXX1uPZTz-vro9LzS-9vtPBlm7f17EMnQyNkHyS-NU7rsUP6kYBQ49NU__tDTgVSzWUvD10U3tvKHD6HijKi786drXrVp08bMnXn-ExLCiqGX1lrDYhQ8MUqPG4EQs9giARwmB2XloWOBmAYUKL4PLVwvEMMHR3SZ9i4PLzF6WyoWq_IRQ8slZj6cTxL-xrMswJOjtBWcK
				Accept=*/*
				Content-Type=application/json
Cookies:		<none>
Multiparts:		<none>
Body:
{
    "description": "bollywwod songs",
    "name": "Bollywood Song",
    "public": false
}
  &amp#27;[32mWhen &amp#27;[0m&amp#27;[32mUser call with POST https request&amp#27;[0m      &amp#27;[90m# playlistSteps.PlaylistSteps.user_call_with_post_https_request()&amp#27;[0m
  &amp#27;[32mThen &amp#27;[0m&amp#27;[32mAPI call executed with &amp#27;[0m&amp#27;[32m&amp#27;[1m201&amp#27;[0m&amp#27;[32m status code&amp#27;[0m &amp#27;[90m# playlistSteps.PlaylistSteps.api_call_executed_with_status_code(java.lang.Integer)&amp#27;[0m
]]></system-out>
    <system-err><![CDATA[SLF4J: Failed to load class "org.slf4j.impl.StaticLoggerBinder".
SLF4J: Defaulting to no-operation (NOP) logger implementation
SLF4J: See http://www.slf4j.org/codes.html#StaticLoggerBinder for further details.
]]></system-err>
  </testcase>
  <testcase name="runScenario[&quot;Varify fetch Scenario Functionality is Working&quot;, &quot;validating Playlist API&quot;](2)" classname="playlistRunner.ProjectRunner" time="0.566">
    <system-out><![CDATA[
Scenario: Varify fetch Scenario Functionality is Working &amp#27;[90m# src/test/resources/featureFile/Playlist.feature:8&amp#27;[0m
BQDFSHlGw0j9JhDQ4Q6Sfvty8qSdoDwpsY9N-VPobCkJNH8O4ep7KdnH7RMzOSpTdU7lD0iaXLa_7o-wWzrguHJFkp7r7hHaUiP7x4NQxr8w2QKJ08a1EVYGws_0BTKtHxyeOXysTfrq3oKAIQfc85aWTlCxy719mUsKeaoYME9HuegG64Hm8YuoEg0GTh2t4b-Lch_4CqvDZ7kczisEGZYtgYIa3vf5Ao_eep_P7MCvUsUyOwxIrdoMfbwzNxq7RA-uIs7LV81Ek6AV
  &amp#27;[32mGiven &amp#27;[0m&amp#27;[32mGet Palylist payload&amp#27;[0m                             &amp#27;[90m# playlistSteps.PlaylistSteps.get_palylist_payload()&amp#27;[0m
Request method:	GET
Request URI:	https://api.spotify.com/v1/playlists/6kBiwbxMIqqk4FTmB3ztTi
Proxy:			<none>
Request params:	<none>
Query params:	<none>
Form params:	<none>
Path params:	pathprm=6kBiwbxMIqqk4FTmB3ztTi
Headers:		Authorization=Bearer BQDFSHlGw0j9JhDQ4Q6Sfvty8qSdoDwpsY9N-VPobCkJNH8O4ep7KdnH7RMzOSpTdU7lD0iaXLa_7o-wWzrguHJFkp7r7hHaUiP7x4NQxr8w2QKJ08a1EVYGws_0BTKtHxyeOXysTfrq3oKAIQfc85aWTlCxy719mUsKeaoYME9HuegG64Hm8YuoEg0GTh2t4b-Lch_4CqvDZ7kczisEGZYtgYIa3vf5Ao_eep_P7MCvUsUyOwxIrdoMfbwzNxq7RA-uIs7LV81Ek6AV
				Accept=*/*
				Content-Type=application/json
Cookies:		<none>
Multiparts:		<none>
Body:			<none>
  &amp#27;[32mWhen &amp#27;[0m&amp#27;[32muser call with GET https request&amp#27;[0m                  &amp#27;[90m# playlistSteps.PlaylistSteps.user_call_with_get_https_request()&amp#27;[0m
  &amp#27;[32mThen &amp#27;[0m&amp#27;[32mAPI Call should executed with &amp#27;[0m&amp#27;[32m&amp#27;[1m200&amp#27;[0m&amp#27;[32m status code&amp#27;[0m     &amp#27;[90m# playlistSteps.PlaylistSteps.api_call_should_executed_with_status_code(java.lang.Integer)&amp#27;[0m
]]></system-out>
  </testcase>
  <testcase name="runScenario[&quot;varify update playlist functionality is working&quot;, &quot;validating Playlist API&quot;](3)" classname="playlistRunner.ProjectRunner" time="0.53">
    <system-out><![CDATA[
Scenario: varify update playlist functionality is working &amp#27;[90m# src/test/resources/featureFile/Playlist.feature:13&amp#27;[0m
BQAWI9lgD43FfSq7H-bJ-haLjLCu0a27JVHIBxvlJiYyX0_8KgKD506erivOsbRUV9Dujg3uH-hwKKl9uZaQe3vIKCJ7pMwMSva3AQxFkrHBnc67-s6T8aformML6M42QZNh33k-a46Ov3eAqES94AcAwlHRt3asD7fD21GkVDueqUNpAE9hL8gGiQTma3OIvCv74dOqVL9aCnN-NKYXLyYn1CSizFexvUBHuF-NJmLS1la1vyuaR7723_6bshK5f3Pto_YZ_uGFAylK
  &amp#27;[32mGiven &amp#27;[0m&amp#27;[32mupdate plalist payload&amp#27;[0m                            &amp#27;[90m# playlistSteps.PlaylistSteps.update_plalist_payload()&amp#27;[0m
Request method:	PUT
Request URI:	https://api.spotify.com/v1/playlists/6kBiwbxMIqqk4FTmB3ztTi
Proxy:			<none>
Request params:	<none>
Query params:	<none>
Form params:	<none>
Path params:	<none>
Headers:		Authorization=Bearer BQAWI9lgD43FfSq7H-bJ-haLjLCu0a27JVHIBxvlJiYyX0_8KgKD506erivOsbRUV9Dujg3uH-hwKKl9uZaQe3vIKCJ7pMwMSva3AQxFkrHBnc67-s6T8aformML6M42QZNh33k-a46Ov3eAqES94AcAwlHRt3asD7fD21GkVDueqUNpAE9hL8gGiQTma3OIvCv74dOqVL9aCnN-NKYXLyYn1CSizFexvUBHuF-NJmLS1la1vyuaR7723_6bshK5f3Pto_YZ_uGFAylK
				Accept=*/*
				Content-Type=application/json
Cookies:		<none>
Multiparts:		<none>
Body:
{
    "description": "bollywwod songs",
    "name": "updated Bollywood Song",
    "public": false
}
  &amp#27;[32mWhen &amp#27;[0m&amp#27;[32muser call  PUT https request&amp#27;[0m                       &amp#27;[90m# playlistSteps.PlaylistSteps.user_call_put_https_request()&amp#27;[0m
  &amp#27;[32mThen &amp#27;[0m&amp#27;[32mAPI call executes with &amp#27;[0m&amp#27;[32m&amp#27;[1m200&amp#27;[0m&amp#27;[32m status code&amp#27;[0m             &amp#27;[90m# playlistSteps.PlaylistSteps.api_call_executes_with_status_code(java.lang.Integer)&amp#27;[0m
]]></system-out>
  </testcase>
</testsuite>