<?xml version="1.0" encoding="UTF-8"?>
<testng-results ignored="0" total="3" passed="3" failed="0" skipped="0">
  <reporter-output>
  </reporter-output>
  <suite started-at="2024-06-26T19:28:31 IST" name="Suite" finished-at="2024-06-26T19:28:41 IST" duration-ms="9777">
    <groups>
      <group name="cucumber">
        <method signature="AbstractTestNGCucumberTests.runScenario(io.cucumber.testng.PickleWrapper,io.cucumber.testng.FeatureWrapper)[pri:0, instance:playlistRunner.ProjectRunner@1c7696c6]" name="runScenario" class="io.cucumber.testng.AbstractTestNGCucumberTests"/>
      </group> <!-- cucumber -->
    </groups>
    <test started-at="2024-06-26T19:28:31 IST" name="Test" finished-at="2024-06-26T19:28:41 IST" duration-ms="9777">
      <class name="playlistRunner.ProjectRunner">
        <test-method is-config="true" signature="setUpClass(org.testng.ITestContext)[pri:0, instance:playlistRunner.ProjectRunner@1c7696c6]" started-at="2024-06-26T19:28:31 IST" name="setUpClass" finished-at="2024-06-26T19:28:32 IST" duration-ms="1009" status="PASS">
          <params>
            <param index="0">
              <value>
                <![CDATA[org.testng.TestRunner@74e4be21]]>
              </value>
            </param>
          </params>
          <reporter-output>
          </reporter-output>
        </test-method> <!-- setUpClass -->
        <test-method signature="runScenario(io.cucumber.testng.PickleWrapper,io.cucumber.testng.FeatureWrapper)[pri:0, instance:playlistRunner.ProjectRunner@1c7696c6]" started-at="2024-06-26T19:28:33 IST" name="runScenario" description="Runs Cucumber Scenarios" data-provider="scenarios" finished-at="2024-06-26T19:28:38 IST" duration-ms="5982" status="PASS">
          <params>
            <param index="0">
              <value>
                <![CDATA["Varify Create Playlist is working"]]>
              </value>
            </param>
            <param index="1">
              <value>
                <![CDATA["validating Playlist API"]]>
              </value>
            </param>
          </params>
          <reporter-output>
          </reporter-output>
        </test-method> <!-- runScenario -->
        <test-method signature="runScenario(io.cucumber.testng.PickleWrapper,io.cucumber.testng.FeatureWrapper)[pri:0, instance:playlistRunner.ProjectRunner@1c7696c6]" started-at="2024-06-26T19:28:39 IST" name="runScenario" description="Runs Cucumber Scenarios" data-provider="scenarios" finished-at="2024-06-26T19:28:39 IST" duration-ms="543" status="PASS">
          <params>
            <param index="0">
              <value>
                <![CDATA["Varify fetch Scenario Functionality is Working"]]>
              </value>
            </param>
            <param index="1">
              <value>
                <![CDATA["validating Playlist API"]]>
              </value>
            </param>
          </params>
          <reporter-output>
          </reporter-output>
        </test-method> <!-- runScenario -->
        <test-method signature="runScenario(io.cucumber.testng.PickleWrapper,io.cucumber.testng.FeatureWrapper)[pri:0, instance:playlistRunner.ProjectRunner@1c7696c6]" started-at="2024-06-26T19:28:39 IST" name="runScenario" description="Runs Cucumber Scenarios" data-provider="scenarios" finished-at="2024-06-26T19:28:40 IST" duration-ms="550" status="PASS">
          <params>
            <param index="0">
              <value>
                <![CDATA["varify update playlist functionality is working"]]>
              </value>
            </param>
            <param index="1">
              <value>
                <![CDATA["validating Playlist API"]]>
              </value>
            </param>
          </params>
          <reporter-output>
          </reporter-output>
        </test-method> <!-- runScenario -->
        <test-method is-config="true" signature="tearDownClass()[pri:0, instance:playlistRunner.ProjectRunner@1c7696c6]" started-at="2024-06-26T19:28:40 IST" name="tearDownClass" finished-at="2024-06-26T19:28:41 IST" duration-ms="1586" status="PASS">
          <reporter-output>
          </reporter-output>
        </test-method> <!-- tearDownClass -->
      </class> <!-- playlistRunner.ProjectRunner -->
    </test> <!-- Test -->
  </suite> <!-- Suite -->
</testng-results>
